[35m[Appium][39m Welcome to Appium v2.5.0
[35m[Appium][39m Non-default server args:
[35m[Appium][39m { basePath: [32m'/wd/hub'[39m, loglevel: [32m'info'[39m, port: [33m60816[39m }
[35m[Appium][39m Attempting to load driver uiautomator2...
[35m[Appium][39m Appium REST http interface listener started on http://0.0.0.0:60816/wd/hub
[35m[Appium][39m You can provide the following URLs in your client code to connect to this server:
[35m[Appium][39m 	http://172.16.213.170:60816/wd/hub
[35m[Appium][39m 	http://127.0.0.1:60816/wd/hub (only accessible from the same host)
[35m[Appium][39m Available drivers:
[35m[Appium][39m   - uiautomator2@3.0.0 (automationName 'UiAutomator2')
[35m[Appium][39m No plugins have been installed. Use the "appium plugin" command to install the one(s) you want to use.
[38;5;0m[HTTP][0m [37m-->[39m [37mGET[39m [37m/wd/hub/status[39m
[38;5;0m[HTTP][0m [90m{}[39m
[38;5;0m[HTTP][0m [37m<-- GET /wd/hub/status [39m[32m200[39m [90m4 ms - 110[39m
[38;5;0m[HTTP][0m [90m[39m
[38;5;0m[HTTP][0m [37m-->[39m [37mGET[39m [37m/wd/hub/status[39m
[38;5;0m[HTTP][0m [90m{}[39m
[38;5;0m[HTTP][0m [37m<-- GET /wd/hub/status [39m[32m200[39m [90m1 ms - 110[39m
[38;5;0m[HTTP][0m [90m[39m
[38;5;0m[HTTP][0m [37m-->[39m [37mPOST[39m [37m/wd/hub/session[39m
[38;5;0m[HTTP][0m [90m{"desiredCapabilities":{"appium:systemPort":8262,"appium:udid":"RR8R609BVQV","appium:autoGrantPermissions":true,"appium:newCommandTimeout":1800,"appium:platformName":"ANDROID","appium:appActivity":".Settings","appium:deviceName":"samsung SM-A225F (Android 13)","platformName":"Android","appium:automationName":"uiautomator2","appium:platformVersion":"13","appium:appPackage":"com.android.settings"},"capabilities":{"firstMatch":[{"appium:appActivity":".Settings","appium:appPackage":"com.android.settings","appium:autoGrantPermissions":true,"appium:automationName":"uiautomator2","appium:deviceName":"samsung SM-A225F (Android 13)","appium:newCommandTimeout":1800,"appium:platformName":"ANDROID","appium:platformVersion":"13","appium:systemPort":8262,"appium:udid":"RR8R609BVQV","platformName":"android"}]}}[39m
[38;5;32m[BaseDriver][0m Ignoring capability 'appium:platformName=ANDROID' and using capability 'platformName=android'
[38;5;32m[BaseDriver][0m The capabilities ["platformName"] are standard capabilities and do not require "appium:" prefix
[35m[Appium][39m Attempting to find matching driver for automationName 'uiautomator2' and platformName 'android'
[35m[Appium][39m The 'uiautomator2' driver was installed and matched caps.
[35m[Appium][39m Will require it at C:\Users\ASUS\.appium\node_modules\appium-uiautomator2-driver
[38;5;16m[AppiumDriver@f434][0m Appium v2.5.0 creating new AndroidUiautomator2Driver (v3.0.0) session
[38;5;16m[AppiumDriver@f434][0m Checking BaseDriver versions for Appium and AndroidUiautomator2Driver
[38;5;16m[AppiumDriver@f434][0m Appium's BaseDriver version is 9.5.1
[38;5;16m[AppiumDriver@f434][0m AndroidUiautomator2Driver's BaseDriver version is 9.5.1
[38;5;48m[AndroidUiautomator2Driver@028b (21ee8364)][0m Session created with session id: 21ee8364-4e1f-4077-94b9-1c2c158e514b
[38;5;64m[ADB][0m Found 1 'build-tools' folders under 'C:\Users\ASUS\.katalon\tools\android_sdk' (newest first):
[38;5;64m[ADB][0m     C:\Users\ASUS\.katalon\tools\android_sdk\build-tools\29.0.3
[38;5;64m[ADB][0m Using 'adb.exe' from 'C:\Users\ASUS\.katalon\tools\android_sdk\platform-tools\adb.exe'
[38;5;48m[AndroidUiautomator2Driver@028b (21ee8364)][0m Retrieving device list
[38;5;48m[AndroidUiautomator2Driver@028b (21ee8364)][0m Using device: RR8R609BVQV
[38;5;64m[ADB][0m Using 'adb.exe' from 'C:\Users\ASUS\.katalon\tools\android_sdk\platform-tools\adb.exe'
[38;5;48m[AndroidUiautomator2Driver@028b (21ee8364)][0m Starting 'com.android.settings' directly on the device
[38;5;64m[ADB][0m Getting device platform version
[38;5;48m[AndroidUiautomator2Driver@028b (21ee8364)][0m Relaxing hidden api policy
[38;5;48m[AndroidUiautomator2Driver@028b (21ee8364)][0m No app sent in, not parsing package/activity
[38;5;64m[ADB][0m Using 'apksigner.jar' from 'C:\Users\ASUS\.katalon\tools\android_sdk\build-tools\29.0.3\lib\apksigner.jar'
[38;5;64m[ADB][0m 'C:\Users\ASUS\.appium\node_modules\appium-uiautomator2-driver\node_modules\appium-uiautomator2-server\apks\appium-uiautomator2-server-debug-androidTest.apk' is signed with the default certificate
[38;5;64m[ADB][0m com.android.settings contains no permissions available for granting
[38;5;64m[ADB][0m 'C:\Users\ASUS\.appium\node_modules\appium-uiautomator2-driver\node_modules\appium-uiautomator2-server\apks\appium-uiautomator2-server-v7.0.0.apk' is signed with the default certificate
[38;5;48m[AndroidUiautomator2Driver@028b (21ee8364)][0m Server packages are not going to be (re)installed
[38;5;64m[ADB][0m Adding packages ["io.appium.settings","io.appium.uiautomator2.server","io.appium.uiautomator2.server.test"] to Doze whitelist
[38;5;48m[AndroidUiautomator2Driver@028b (21ee8364)][0m Starting UIAutomator2 server 7.0.0
[38;5;48m[AndroidUiautomator2Driver@028b (21ee8364)][0m Using UIAutomator2 server from 'C:\Users\ASUS\.appium\node_modules\appium-uiautomator2-driver\node_modules\appium-uiautomator2-server\apks\appium-uiautomator2-server-v7.0.0.apk' and test from 'C:\Users\ASUS\.appium\node_modules\appium-uiautomator2-driver\node_modules\appium-uiautomator2-server\apks\appium-uiautomator2-server-debug-androidTest.apk'
[38;5;48m[AndroidUiautomator2Driver@028b (21ee8364)][0m Waiting up to 30000ms for UiAutomator2 to be online...
[38;5;48m[AndroidUiautomator2Driver@028b (21ee8364)][0m socket hang up
[38;5;48m[AndroidUiautomator2Driver@028b (21ee8364)][0m socket hang up
[38;5;48m[AndroidUiautomator2Driver@028b (21ee8364)][0m socket hang up
[38;5;48m[AndroidUiautomator2Driver@028b (21ee8364)][0m Determined the downstream protocol as 'W3C'
[38;5;48m[AndroidUiautomator2Driver@028b (21ee8364)][0m Screen already unlocked, doing nothing
[38;5;48m[AndroidUiautomator2Driver@028b (21ee8364)][0m Starting 'com.android.settings/.Settings and waiting for 'com.android.settings/.Settings'
[38;5;16m[AppiumDriver@f434][0m New AndroidUiautomator2Driver session created successfully, session 21ee8364-4e1f-4077-94b9-1c2c158e514b added to master session list
[38;5;0m[HTTP][0m [37m<-- POST /wd/hub/session [39m[32m200[39m [90m7773 ms - 1084[39m
[38;5;0m[HTTP][0m [90m[39m
[38;5;0m[HTTP][0m [37m-->[39m [37mGET[39m [37m/wd/hub/session/21ee8364-4e1f-4077-94b9-1c2c158e514b[39m
[38;5;0m[HTTP][0m [90m{}[39m
[38;5;0m[HTTP][0m [37m<-- GET /wd/hub/session/21ee8364-4e1f-4077-94b9-1c2c158e514b [39m[32m200[39m [90m14 ms - 312[39m
[38;5;0m[HTTP][0m [90m[39m
[38;5;0m[HTTP][0m [37m-->[39m [37mGET[39m [37m/wd/hub/session/21ee8364-4e1f-4077-94b9-1c2c158e514b[39m
[38;5;0m[HTTP][0m [90m{}[39m
[38;5;0m[HTTP][0m [37m<-- GET /wd/hub/session/21ee8364-4e1f-4077-94b9-1c2c158e514b [39m[32m200[39m [90m23 ms - 312[39m
[38;5;0m[HTTP][0m [90m[39m
[38;5;0m[HTTP][0m [37m-->[39m [37mGET[39m [37m/wd/hub/status[39m
[38;5;0m[HTTP][0m [90m{}[39m
[38;5;0m[HTTP][0m [37m<-- GET /wd/hub/status [39m[32m200[39m [90m1 ms - 110[39m
[38;5;0m[HTTP][0m [90m[39m
[38;5;0m[HTTP][0m [37m-->[39m [37mPOST[39m [37m/wd/hub/session/21ee8364-4e1f-4077-94b9-1c2c158e514b/timeouts[39m
[38;5;0m[HTTP][0m [90m{"implicit":60000}[39m
[38;5;0m[HTTP][0m [37m<-- POST /wd/hub/session/21ee8364-4e1f-4077-94b9-1c2c158e514b/timeouts [39m[32m200[39m [90m2 ms - 14[39m
[38;5;0m[HTTP][0m [90m[39m
[38;5;0m[HTTP][0m [37m-->[39m [37mGET[39m [37m/wd/hub/session/21ee8364-4e1f-4077-94b9-1c2c158e514b/appium/device/system_bars[39m
[38;5;0m[HTTP][0m [90m{}[39m
[38;5;0m[HTTP][0m [37m<-- GET /wd/hub/session/21ee8364-4e1f-4077-94b9-1c2c158e514b/appium/device/system_bars [39m[32m200[39m [90m88 ms - 148[39m
[38;5;0m[HTTP][0m [90m[39m
[38;5;0m[HTTP][0m [37m-->[39m [37mPOST[39m [37m/wd/hub/session/21ee8364-4e1f-4077-94b9-1c2c158e514b/appium/device/activate_app[39m
[38;5;0m[HTTP][0m [90m{"bundleId":"com.solodroid.solomerce"}[39m
[38;5;0m[HTTP][0m [37m<-- POST /wd/hub/session/21ee8364-4e1f-4077-94b9-1c2c158e514b/appium/device/activate_app [39m[32m200[39m [90m201 ms - 14[39m
[38;5;0m[HTTP][0m [90m[39m
[38;5;0m[HTTP][0m [37m-->[39m [37mGET[39m [37m/wd/hub/session/21ee8364-4e1f-4077-94b9-1c2c158e514b/source[39m
[38;5;0m[HTTP][0m [90m{}[39m
[38;5;48m[AndroidUiautomator2Driver@028b (21ee8364)][0m Driver proxy active, passing request on via HTTP proxy
[38;5;48m[AndroidUiautomator2Driver@028b (21ee8364)][0m Replacing sessionId 1e3c3ed9-f9db-47f2-8119-d4af8cf343c9 with 21ee8364-4e1f-4077-94b9-1c2c158e514b
[38;5;0m[HTTP][0m [37m<-- GET /wd/hub/session/21ee8364-4e1f-4077-94b9-1c2c158e514b/source [39m[32m200[39m [90m668 ms - 1891[39m
[38;5;0m[HTTP][0m [90m[39m
[38;5;0m[HTTP][0m [37m-->[39m [37mGET[39m [37m/wd/hub/session/21ee8364-4e1f-4077-94b9-1c2c158e514b/screenshot[39m
[38;5;0m[HTTP][0m [90m{}[39m
[38;5;0m[HTTP][0m [37m<-- GET /wd/hub/session/21ee8364-4e1f-4077-94b9-1c2c158e514b/screenshot [39m[32m200[39m [90m761 ms - 203856[39m
[38;5;0m[HTTP][0m [90m[39m
[38;5;0m[HTTP][0m [37m-->[39m [37mGET[39m [37m/wd/hub/session/21ee8364-4e1f-4077-94b9-1c2c158e514b/source[39m
[38;5;0m[HTTP][0m [90m{}[39m
[38;5;48m[AndroidUiautomator2Driver@028b (21ee8364)][0m Driver proxy active, passing request on via HTTP proxy
[38;5;48m[AndroidUiautomator2Driver@028b (21ee8364)][0m Replacing sessionId 1e3c3ed9-f9db-47f2-8119-d4af8cf343c9 with 21ee8364-4e1f-4077-94b9-1c2c158e514b
[38;5;0m[HTTP][0m [37m<-- GET /wd/hub/session/21ee8364-4e1f-4077-94b9-1c2c158e514b/source [39m[32m200[39m [90m499 ms - 34472[39m
[38;5;0m[HTTP][0m [90m[39m
[38;5;0m[HTTP][0m [37m-->[39m [37mGET[39m [37m/wd/hub/session/21ee8364-4e1f-4077-94b9-1c2c158e514b/screenshot[39m
[38;5;0m[HTTP][0m [90m{}[39m
[38;5;0m[HTTP][0m [37m<-- GET /wd/hub/session/21ee8364-4e1f-4077-94b9-1c2c158e514b/screenshot [39m[32m200[39m [90m1091 ms - 1096220[39m
[38;5;0m[HTTP][0m [90m[39m
[38;5;0m[HTTP][0m [37m-->[39m [37mPOST[39m [37m/wd/hub/session/21ee8364-4e1f-4077-94b9-1c2c158e514b/elements[39m
[38;5;0m[HTTP][0m [90m{"using":"xpath","value":"//*[@class = 'android.widget.ImageView' and @resource-id = 'com.solodroid.solomerce:id/category_image' and (@text = '' or . = '')]"}[39m
[38;5;0m[HTTP][0m [37m<-- POST /wd/hub/session/21ee8364-4e1f-4077-94b9-1c2c158e514b/elements [39m[32m200[39m [90m776 ms - 779[39m
[38;5;0m[HTTP][0m [90m[39m
[38;5;0m[HTTP][0m [37m-->[39m [37mPOST[39m [37m/wd/hub/session/21ee8364-4e1f-4077-94b9-1c2c158e514b/elements[39m
[38;5;0m[HTTP][0m [90m{"using":"id","value":"com.solodroid.solomerce:id/category_image"}[39m
[38;5;0m[HTTP][0m [37m<-- POST /wd/hub/session/21ee8364-4e1f-4077-94b9-1c2c158e514b/elements [39m[32m200[39m [90m198 ms - 779[39m
[38;5;0m[HTTP][0m [90m[39m
[38;5;0m[HTTP][0m [37m-->[39m [37mPOST[39m [37m/wd/hub/session/21ee8364-4e1f-4077-94b9-1c2c158e514b/elements[39m
[38;5;0m[HTTP][0m [90m{"using":"-android uiautomator","value":"new UiSelector().className(\"android.widget.ImageView\").resourceId(\"com.solodroid.solomerce:id/category_image\")"}[39m
[38;5;0m[HTTP][0m [37m<-- POST /wd/hub/session/21ee8364-4e1f-4077-94b9-1c2c158e514b/elements [39m[32m200[39m [90m195 ms - 779[39m
[38;5;0m[HTTP][0m [90m[39m
[38;5;0m[HTTP][0m [37m-->[39m [37mGET[39m [37m/wd/hub/session/21ee8364-4e1f-4077-94b9-1c2c158e514b/window/rect[39m
[38;5;0m[HTTP][0m [90m{}[39m
[38;5;0m[HTTP][0m [37m<-- GET /wd/hub/session/21ee8364-4e1f-4077-94b9-1c2c158e514b/window/rect [39m[32m200[39m [90m13 ms - 49[39m
[38;5;0m[HTTP][0m [90m[39m
[38;5;0m[HTTP][0m [37m-->[39m [37mPOST[39m [37m/wd/hub/session/21ee8364-4e1f-4077-94b9-1c2c158e514b/elements[39m
[38;5;0m[HTTP][0m [90m{"using":"xpath","value":"//hierarchy/android.widget.FrameLayout[1]/android.widget.LinearLayout[1]/android.widget.FrameLayout[1]/android.widget.LinearLayout[1]/android.widget.FrameLayout[1]/android.widget.RelativeLayout[1]/android.view.ViewGroup[1]/androidx.viewpager.widget.ViewPager[1]/android.widget.LinearLayout[1]/android.view.ViewGroup[1]/androidx.recyclerview.widget.RecyclerView[1]/android.widget.FrameLayout[1]/android.widget.RelativeLayout[1]/android.view.ViewGroup[1]/android.widget.ImageView[1]"}[39m
[38;5;0m[HTTP][0m [37m<-- POST /wd/hub/session/21ee8364-4e1f-4077-94b9-1c2c158e514b/elements [39m[32m200[39m [90m324 ms - 139[39m
[38;5;0m[HTTP][0m [90m[39m
[38;5;0m[HTTP][0m [37m-->[39m [37mGET[39m [37m/wd/hub/session/21ee8364-4e1f-4077-94b9-1c2c158e514b/element/00000000-0000-08f0-ffff-ffff00000060/location[39m
[38;5;0m[HTTP][0m [90m{}[39m
[38;5;48m[AndroidUiautomator2Driver@028b (21ee8364)][0m Driver proxy active, passing request on via HTTP proxy
[38;5;48m[AndroidUiautomator2Driver@028b (21ee8364)][0m Replacing sessionId 1e3c3ed9-f9db-47f2-8119-d4af8cf343c9 with 21ee8364-4e1f-4077-94b9-1c2c158e514b
[38;5;0m[HTTP][0m [37m<-- GET /wd/hub/session/21ee8364-4e1f-4077-94b9-1c2c158e514b/element/00000000-0000-08f0-ffff-ffff00000060/location [39m[32m200[39m [90m22 ms - 77[39m
[38;5;0m[HTTP][0m [90m[39m
[38;5;0m[HTTP][0m [37m-->[39m [37mPOST[39m [37m/wd/hub/session/21ee8364-4e1f-4077-94b9-1c2c158e514b/element/00000000-0000-08f0-ffff-ffff00000060/click[39m
[38;5;0m[HTTP][0m [90m{"id":"00000000-0000-08f0-ffff-ffff00000060"}[39m
[38;5;0m[HTTP][0m [37m<-- POST /wd/hub/session/21ee8364-4e1f-4077-94b9-1c2c158e514b/element/00000000-0000-08f0-ffff-ffff00000060/click [39m[32m200[39m [90m61 ms - 14[39m
[38;5;0m[HTTP][0m [90m[39m
[38;5;0m[HTTP][0m [37m-->[39m [37mGET[39m [37m/wd/hub/session/21ee8364-4e1f-4077-94b9-1c2c158e514b/source[39m
[38;5;0m[HTTP][0m [90m{}[39m
[38;5;48m[AndroidUiautomator2Driver@028b (21ee8364)][0m Driver proxy active, passing request on via HTTP proxy
[38;5;48m[AndroidUiautomator2Driver@028b (21ee8364)][0m Replacing sessionId 1e3c3ed9-f9db-47f2-8119-d4af8cf343c9 with 21ee8364-4e1f-4077-94b9-1c2c158e514b
[38;5;0m[HTTP][0m [37m<-- GET /wd/hub/session/21ee8364-4e1f-4077-94b9-1c2c158e514b/source [39m[32m200[39m [90m794 ms - 6189[39m
[38;5;0m[HTTP][0m [90m[39m
[38;5;0m[HTTP][0m [37m-->[39m [37mGET[39m [37m/wd/hub/session/21ee8364-4e1f-4077-94b9-1c2c158e514b/screenshot[39m
[38;5;0m[HTTP][0m [90m{}[39m
[38;5;0m[HTTP][0m [37m<-- GET /wd/hub/session/21ee8364-4e1f-4077-94b9-1c2c158e514b/screenshot [39m[32m200[39m [90m890 ms - 659988[39m
[38;5;0m[HTTP][0m [90m[39m
[38;5;0m[HTTP][0m [37m-->[39m [37mPOST[39m [37m/wd/hub/session/21ee8364-4e1f-4077-94b9-1c2c158e514b/elements[39m
[38;5;0m[HTTP][0m [90m{"using":"xpath","value":"//*[@class = 'android.widget.RelativeLayout' and @resource-id = 'com.solodroid.solomerce:id/main_content' and (@text = '' or . = '')]"}[39m
[38;5;0m[HTTP][0m [37m<-- POST /wd/hub/session/21ee8364-4e1f-4077-94b9-1c2c158e514b/elements [39m[32m200[39m [90m60147 ms - 12[39m
[38;5;0m[HTTP][0m [90m[39m
[38;5;0m[HTTP][0m [37m-->[39m [37mPOST[39m [37m/wd/hub/session/21ee8364-4e1f-4077-94b9-1c2c158e514b/elements[39m
[38;5;0m[HTTP][0m [90m{"using":"id","value":"com.solodroid.solomerce:id/main_content"}[39m
[38;5;0m[HTTP][0m [37m<-- POST /wd/hub/session/21ee8364-4e1f-4077-94b9-1c2c158e514b/elements [39m[32m200[39m [90m65 ms - 139[39m
[38;5;0m[HTTP][0m [90m[39m
[38;5;0m[HTTP][0m [37m-->[39m [37mGET[39m [37m/wd/hub/session/21ee8364-4e1f-4077-94b9-1c2c158e514b/window/rect[39m
[38;5;0m[HTTP][0m [90m{}[39m
[38;5;0m[HTTP][0m [37m<-- GET /wd/hub/session/21ee8364-4e1f-4077-94b9-1c2c158e514b/window/rect [39m[32m200[39m [90m12 ms - 49[39m
[38;5;0m[HTTP][0m [90m[39m
[38;5;0m[HTTP][0m [37m-->[39m [37mPOST[39m [37m/wd/hub/session/21ee8364-4e1f-4077-94b9-1c2c158e514b/elements[39m
[38;5;0m[HTTP][0m [90m{"using":"id","value":"com.solodroid.solomerce:id/main_content"}[39m
[38;5;0m[HTTP][0m [37m<-- POST /wd/hub/session/21ee8364-4e1f-4077-94b9-1c2c158e514b/elements [39m[32m200[39m [90m65 ms - 139[39m
[38;5;0m[HTTP][0m [90m[39m
[38;5;0m[HTTP][0m [37m-->[39m [37mGET[39m [37m/wd/hub/session/21ee8364-4e1f-4077-94b9-1c2c158e514b/element/00000000-0000-08f1-ffff-ffff000000c6/location[39m
[38;5;0m[HTTP][0m [90m{}[39m
[38;5;48m[AndroidUiautomator2Driver@028b (21ee8364)][0m Driver proxy active, passing request on via HTTP proxy
[38;5;48m[AndroidUiautomator2Driver@028b (21ee8364)][0m Replacing sessionId 1e3c3ed9-f9db-47f2-8119-d4af8cf343c9 with 21ee8364-4e1f-4077-94b9-1c2c158e514b
[38;5;0m[HTTP][0m [37m<-- GET /wd/hub/session/21ee8364-4e1f-4077-94b9-1c2c158e514b/element/00000000-0000-08f1-ffff-ffff000000c6/location [39m[32m200[39m [90m19 ms - 75[39m
[38;5;0m[HTTP][0m [90m[39m
[38;5;0m[HTTP][0m [37m-->[39m [37mPOST[39m [37m/wd/hub/session/21ee8364-4e1f-4077-94b9-1c2c158e514b/element/00000000-0000-08f1-ffff-ffff000000c6/click[39m
[38;5;0m[HTTP][0m [90m{"id":"00000000-0000-08f1-ffff-ffff000000c6"}[39m
[38;5;0m[HTTP][0m [37m<-- POST /wd/hub/session/21ee8364-4e1f-4077-94b9-1c2c158e514b/element/00000000-0000-08f1-ffff-ffff000000c6/click [39m[32m200[39m [90m56 ms - 14[39m
[38;5;0m[HTTP][0m [90m[39m
[38;5;0m[HTTP][0m [37m-->[39m [37mGET[39m [37m/wd/hub/session/21ee8364-4e1f-4077-94b9-1c2c158e514b/source[39m
[38;5;0m[HTTP][0m [90m{}[39m
[38;5;48m[AndroidUiautomator2Driver@028b (21ee8364)][0m Driver proxy active, passing request on via HTTP proxy
[38;5;48m[AndroidUiautomator2Driver@028b (21ee8364)][0m Replacing sessionId 1e3c3ed9-f9db-47f2-8119-d4af8cf343c9 with 21ee8364-4e1f-4077-94b9-1c2c158e514b
[38;5;0m[HTTP][0m [37m<-- GET /wd/hub/session/21ee8364-4e1f-4077-94b9-1c2c158e514b/source [39m[32m200[39m [90m149 ms - 17696[39m
[38;5;0m[HTTP][0m [90m[39m
[38;5;0m[HTTP][0m [37m-->[39m [37mGET[39m [37m/wd/hub/session/21ee8364-4e1f-4077-94b9-1c2c158e514b/screenshot[39m
[38;5;0m[HTTP][0m [90m{}[39m
[38;5;0m[HTTP][0m [37m<-- GET /wd/hub/session/21ee8364-4e1f-4077-94b9-1c2c158e514b/screenshot [39m[32m200[39m [90m870 ms - 831528[39m
[38;5;0m[HTTP][0m [90m[39m
[38;5;0m[HTTP][0m [37m-->[39m [37mPOST[39m [37m/wd/hub/session/21ee8364-4e1f-4077-94b9-1c2c158e514b/elements[39m
[38;5;0m[HTTP][0m [90m{"using":"xpath","value":"//*[@class = 'android.widget.Button' and (@text = 'ADD TO CART' or . = 'ADD TO CART') and @resource-id = 'com.solodroid.solomerce:id/btn_add_cart']"}[39m
[38;5;0m[HTTP][0m [37m<-- POST /wd/hub/session/21ee8364-4e1f-4077-94b9-1c2c158e514b/elements [39m[32m200[39m [90m140 ms - 139[39m
[38;5;0m[HTTP][0m [90m[39m
[38;5;0m[HTTP][0m [37m-->[39m [37mGET[39m [37m/wd/hub/session/21ee8364-4e1f-4077-94b9-1c2c158e514b/window/rect[39m
[38;5;0m[HTTP][0m [90m{}[39m
[38;5;0m[HTTP][0m [37m<-- GET /wd/hub/session/21ee8364-4e1f-4077-94b9-1c2c158e514b/window/rect [39m[32m200[39m [90m10 ms - 49[39m
[38;5;0m[HTTP][0m [90m[39m
[38;5;0m[HTTP][0m [37m-->[39m [37mPOST[39m [37m/wd/hub/session/21ee8364-4e1f-4077-94b9-1c2c158e514b/elements[39m
[38;5;0m[HTTP][0m [90m{"using":"xpath","value":"//*[@class = 'android.widget.Button' and (@text = 'ADD TO CART' or . = 'ADD TO CART') and @resource-id = 'com.solodroid.solomerce:id/btn_add_cart']"}[39m
[38;5;0m[HTTP][0m [37m<-- POST /wd/hub/session/21ee8364-4e1f-4077-94b9-1c2c158e514b/elements [39m[32m200[39m [90m166 ms - 139[39m
[38;5;0m[HTTP][0m [90m[39m
[38;5;0m[HTTP][0m [37m-->[39m [37mGET[39m [37m/wd/hub/session/21ee8364-4e1f-4077-94b9-1c2c158e514b/element/00000000-0000-08f1-ffff-ffff000000dc/location[39m
[38;5;0m[HTTP][0m [90m{}[39m
[38;5;48m[AndroidUiautomator2Driver@028b (21ee8364)][0m Driver proxy active, passing request on via HTTP proxy
[38;5;48m[AndroidUiautomator2Driver@028b (21ee8364)][0m Replacing sessionId 1e3c3ed9-f9db-47f2-8119-d4af8cf343c9 with 21ee8364-4e1f-4077-94b9-1c2c158e514b
[38;5;0m[HTTP][0m [37m<-- GET /wd/hub/session/21ee8364-4e1f-4077-94b9-1c2c158e514b/element/00000000-0000-08f1-ffff-ffff000000dc/location [39m[32m200[39m [90m520 ms - 77[39m
[38;5;0m[HTTP][0m [90m[39m
[38;5;0m[HTTP][0m [37m-->[39m [37mPOST[39m [37m/wd/hub/session/21ee8364-4e1f-4077-94b9-1c2c158e514b/element/00000000-0000-08f1-ffff-ffff000000dc/click[39m
[38;5;0m[HTTP][0m [90m{"id":"00000000-0000-08f1-ffff-ffff000000dc"}[39m
[38;5;0m[HTTP][0m [37m<-- POST /wd/hub/session/21ee8364-4e1f-4077-94b9-1c2c158e514b/element/00000000-0000-08f1-ffff-ffff000000dc/click [39m[32m200[39m [90m65 ms - 14[39m
[38;5;0m[HTTP][0m [90m[39m
[38;5;0m[HTTP][0m [37m-->[39m [37mGET[39m [37m/wd/hub/session/21ee8364-4e1f-4077-94b9-1c2c158e514b/source[39m
[38;5;0m[HTTP][0m [90m{}[39m
[38;5;48m[AndroidUiautomator2Driver@028b (21ee8364)][0m Driver proxy active, passing request on via HTTP proxy
[38;5;48m[AndroidUiautomator2Driver@028b (21ee8364)][0m Replacing sessionId 1e3c3ed9-f9db-47f2-8119-d4af8cf343c9 with 21ee8364-4e1f-4077-94b9-1c2c158e514b
[38;5;0m[HTTP][0m [37m<-- GET /wd/hub/session/21ee8364-4e1f-4077-94b9-1c2c158e514b/source [39m[32m200[39m [90m1034 ms - 6030[39m
[38;5;0m[HTTP][0m [90m[39m
[38;5;0m[HTTP][0m [37m-->[39m [37mGET[39m [37m/wd/hub/session/21ee8364-4e1f-4077-94b9-1c2c158e514b/screenshot[39m
[38;5;0m[HTTP][0m [90m{}[39m
[38;5;0m[HTTP][0m [37m<-- GET /wd/hub/session/21ee8364-4e1f-4077-94b9-1c2c158e514b/screenshot [39m[32m200[39m [90m755 ms - 587040[39m
[38;5;0m[HTTP][0m [90m[39m
[38;5;0m[HTTP][0m [37m-->[39m [37mPOST[39m [37m/wd/hub/session/21ee8364-4e1f-4077-94b9-1c2c158e514b/elements[39m
[38;5;0m[HTTP][0m [90m{"using":"xpath","value":"//*[@class = 'android.widget.EditText' and @resource-id = 'com.solodroid.solomerce:id/userInputDialog' and (@text = '' or . = '')]"}[39m
[38;5;0m[HTTP][0m [37m<-- POST /wd/hub/session/21ee8364-4e1f-4077-94b9-1c2c158e514b/elements [39m[32m200[39m [90m117 ms - 139[39m
[38;5;0m[HTTP][0m [90m[39m
[38;5;0m[HTTP][0m [37m-->[39m [37mGET[39m [37m/wd/hub/session/21ee8364-4e1f-4077-94b9-1c2c158e514b/window/rect[39m
[38;5;0m[HTTP][0m [90m{}[39m
[38;5;0m[HTTP][0m [37m<-- GET /wd/hub/session/21ee8364-4e1f-4077-94b9-1c2c158e514b/window/rect [39m[32m200[39m [90m14 ms - 49[39m
[38;5;0m[HTTP][0m [90m[39m
[38;5;0m[HTTP][0m [37m-->[39m [37mPOST[39m [37m/wd/hub/session/21ee8364-4e1f-4077-94b9-1c2c158e514b/elements[39m
[38;5;0m[HTTP][0m [90m{"using":"xpath","value":"//*[@class = 'android.widget.EditText' and @resource-id = 'com.solodroid.solomerce:id/userInputDialog' and (@text = '' or . = '')]"}[39m
[38;5;0m[HTTP][0m [37m<-- POST /wd/hub/session/21ee8364-4e1f-4077-94b9-1c2c158e514b/elements [39m[32m200[39m [90m97 ms - 139[39m
[38;5;0m[HTTP][0m [90m[39m
[38;5;0m[HTTP][0m [37m-->[39m [37mGET[39m [37m/wd/hub/session/21ee8364-4e1f-4077-94b9-1c2c158e514b/element/00000000-0000-08f2-ffff-ffff000000f5/location[39m
[38;5;0m[HTTP][0m [90m{}[39m
[38;5;48m[AndroidUiautomator2Driver@028b (21ee8364)][0m Driver proxy active, passing request on via HTTP proxy
[38;5;48m[AndroidUiautomator2Driver@028b (21ee8364)][0m Replacing sessionId 1e3c3ed9-f9db-47f2-8119-d4af8cf343c9 with 21ee8364-4e1f-4077-94b9-1c2c158e514b
[38;5;0m[HTTP][0m [37m<-- GET /wd/hub/session/21ee8364-4e1f-4077-94b9-1c2c158e514b/element/00000000-0000-08f2-ffff-ffff000000f5/location [39m[32m200[39m [90m19 ms - 77[39m
[38;5;0m[HTTP][0m [90m[39m
[38;5;0m[HTTP][0m [37m-->[39m [37mPOST[39m [37m/wd/hub/session/21ee8364-4e1f-4077-94b9-1c2c158e514b/element/00000000-0000-08f2-ffff-ffff000000f5/clear[39m
[38;5;0m[HTTP][0m [90m{"id":"00000000-0000-08f2-ffff-ffff000000f5"}[39m
[38;5;0m[HTTP][0m [37m<-- POST /wd/hub/session/21ee8364-4e1f-4077-94b9-1c2c158e514b/element/00000000-0000-08f2-ffff-ffff000000f5/clear [39m[32m200[39m [90m35 ms - 14[39m
[38;5;0m[HTTP][0m [90m[39m
[38;5;0m[HTTP][0m [37m-->[39m [37mPOST[39m [37m/wd/hub/session/21ee8364-4e1f-4077-94b9-1c2c158e514b/element/00000000-0000-08f2-ffff-ffff000000f5/click[39m
[38;5;0m[HTTP][0m [90m{"id":"00000000-0000-08f2-ffff-ffff000000f5"}[39m
[38;5;0m[HTTP][0m [37m<-- POST /wd/hub/session/21ee8364-4e1f-4077-94b9-1c2c158e514b/element/00000000-0000-08f2-ffff-ffff000000f5/click [39m[32m200[39m [90m544 ms - 14[39m
[38;5;0m[HTTP][0m [90m[39m
[38;5;0m[HTTP][0m [37m-->[39m [37mPOST[39m [37m/wd/hub/session/21ee8364-4e1f-4077-94b9-1c2c158e514b/element/00000000-0000-08f2-ffff-ffff000000f5/value[39m
[38;5;0m[HTTP][0m [90m{"id":"00000000-0000-08f2-ffff-ffff000000f5","text":"2","value":["2"]}[39m
[38;5;0m[HTTP][0m [37m<-- POST /wd/hub/session/21ee8364-4e1f-4077-94b9-1c2c158e514b/element/00000000-0000-08f2-ffff-ffff000000f5/value [39m[32m200[39m [90m1236 ms - 14[39m
[38;5;0m[HTTP][0m [90m[39m
[38;5;0m[HTTP][0m [37m-->[39m [37mGET[39m [37m/wd/hub/session/21ee8364-4e1f-4077-94b9-1c2c158e514b/source[39m
[38;5;0m[HTTP][0m [90m{}[39m
[38;5;48m[AndroidUiautomator2Driver@028b (21ee8364)][0m Driver proxy active, passing request on via HTTP proxy
[38;5;48m[AndroidUiautomator2Driver@028b (21ee8364)][0m Replacing sessionId 1e3c3ed9-f9db-47f2-8119-d4af8cf343c9 with 21ee8364-4e1f-4077-94b9-1c2c158e514b
[38;5;0m[HTTP][0m [37m<-- GET /wd/hub/session/21ee8364-4e1f-4077-94b9-1c2c158e514b/source [39m[32m200[39m [90m153 ms - 6030[39m
[38;5;0m[HTTP][0m [90m[39m
[38;5;0m[HTTP][0m [37m-->[39m [37mGET[39m [37m/wd/hub/session/21ee8364-4e1f-4077-94b9-1c2c158e514b/screenshot[39m
[38;5;0m[HTTP][0m [90m{}[39m
[38;5;0m[HTTP][0m [37m<-- GET /wd/hub/session/21ee8364-4e1f-4077-94b9-1c2c158e514b/screenshot [39m[32m200[39m [90m571 ms - 365740[39m
[38;5;0m[HTTP][0m [90m[39m
[38;5;0m[HTTP][0m [37m-->[39m [37mPOST[39m [37m/wd/hub/session/21ee8364-4e1f-4077-94b9-1c2c158e514b/elements[39m
[38;5;0m[HTTP][0m [90m{"using":"xpath","value":"//*[@class = 'android.widget.Button' and (@text = 'ADD' or . = 'ADD') and @resource-id = 'android:id/button1']"}[39m
[38;5;0m[HTTP][0m [37m<-- POST /wd/hub/session/21ee8364-4e1f-4077-94b9-1c2c158e514b/elements [39m[32m200[39m [90m91 ms - 139[39m
[38;5;0m[HTTP][0m [90m[39m
[38;5;0m[HTTP][0m [37m-->[39m [37mGET[39m [37m/wd/hub/session/21ee8364-4e1f-4077-94b9-1c2c158e514b/window/rect[39m
[38;5;0m[HTTP][0m [90m{}[39m
[38;5;0m[HTTP][0m [37m<-- GET /wd/hub/session/21ee8364-4e1f-4077-94b9-1c2c158e514b/window/rect [39m[32m200[39m [90m11 ms - 49[39m
[38;5;0m[HTTP][0m [90m[39m
[38;5;0m[HTTP][0m [37m-->[39m [37mPOST[39m [37m/wd/hub/session/21ee8364-4e1f-4077-94b9-1c2c158e514b/elements[39m
[38;5;0m[HTTP][0m [90m{"using":"xpath","value":"//*[@class = 'android.widget.Button' and (@text = 'ADD' or . = 'ADD') and @resource-id = 'android:id/button1']"}[39m
[38;5;0m[HTTP][0m [37m<-- POST /wd/hub/session/21ee8364-4e1f-4077-94b9-1c2c158e514b/elements [39m[32m200[39m [90m73 ms - 139[39m
[38;5;0m[HTTP][0m [90m[39m
[38;5;0m[HTTP][0m [37m-->[39m [37mGET[39m [37m/wd/hub/session/21ee8364-4e1f-4077-94b9-1c2c158e514b/element/00000000-0000-08f2-ffff-ffff000000fb/location[39m
[38;5;0m[HTTP][0m [90m{}[39m
[38;5;48m[AndroidUiautomator2Driver@028b (21ee8364)][0m Driver proxy active, passing request on via HTTP proxy
[38;5;48m[AndroidUiautomator2Driver@028b (21ee8364)][0m Replacing sessionId 1e3c3ed9-f9db-47f2-8119-d4af8cf343c9 with 21ee8364-4e1f-4077-94b9-1c2c158e514b
[38;5;0m[HTTP][0m [37m<-- GET /wd/hub/session/21ee8364-4e1f-4077-94b9-1c2c158e514b/element/00000000-0000-08f2-ffff-ffff000000fb/location [39m[32m200[39m [90m18 ms - 78[39m
[38;5;0m[HTTP][0m [90m[39m
[38;5;0m[HTTP][0m [37m-->[39m [37mPOST[39m [37m/wd/hub/session/21ee8364-4e1f-4077-94b9-1c2c158e514b/element/00000000-0000-08f2-ffff-ffff000000fb/click[39m
[38;5;0m[HTTP][0m [90m{"id":"00000000-0000-08f2-ffff-ffff000000fb"}[39m
[38;5;0m[HTTP][0m [37m<-- POST /wd/hub/session/21ee8364-4e1f-4077-94b9-1c2c158e514b/element/00000000-0000-08f2-ffff-ffff000000fb/click [39m[32m200[39m [90m60 ms - 14[39m
[38;5;0m[HTTP][0m [90m[39m
[38;5;0m[HTTP][0m [37m-->[39m [37mGET[39m [37m/wd/hub/session/21ee8364-4e1f-4077-94b9-1c2c158e514b/source[39m
[38;5;0m[HTTP][0m [90m{}[39m
[38;5;48m[AndroidUiautomator2Driver@028b (21ee8364)][0m Driver proxy active, passing request on via HTTP proxy
[38;5;48m[AndroidUiautomator2Driver@028b (21ee8364)][0m Replacing sessionId 1e3c3ed9-f9db-47f2-8119-d4af8cf343c9 with 21ee8364-4e1f-4077-94b9-1c2c158e514b
[38;5;0m[HTTP][0m [37m<-- GET /wd/hub/session/21ee8364-4e1f-4077-94b9-1c2c158e514b/source [39m[32m200[39m [90m250 ms - 18015[39m
[38;5;0m[HTTP][0m [90m[39m
[38;5;0m[HTTP][0m [37m-->[39m [37mGET[39m [37m/wd/hub/session/21ee8364-4e1f-4077-94b9-1c2c158e514b/screenshot[39m
[38;5;0m[HTTP][0m [90m{}[39m
[38;5;0m[HTTP][0m [37m<-- GET /wd/hub/session/21ee8364-4e1f-4077-94b9-1c2c158e514b/screenshot [39m[32m200[39m [90m804 ms - 835652[39m
[38;5;0m[HTTP][0m [90m[39m
[38;5;0m[HTTP][0m [37m-->[39m [37mDELETE[39m [37m/wd/hub/session/21ee8364-4e1f-4077-94b9-1c2c158e514b[39m
[38;5;0m[HTTP][0m [90m{}[39m
[38;5;16m[AppiumDriver@f434][0m Removing session 21ee8364-4e1f-4077-94b9-1c2c158e514b from our master session list
[38;5;48m[AndroidUiautomator2Driver@028b (21ee8364)][0m Restoring hidden api policy to the device default configuration
[38;5;0m[HTTP][0m [37m<-- DELETE /wd/hub/session/21ee8364-4e1f-4077-94b9-1c2c158e514b [39m[32m200[39m [90m256 ms - 14[39m
[38;5;0m[HTTP][0m [90m[39m
